app/build/outputs/logs/manifest-merger-debug-report.txt
-- Merging decision tree log ---
manifest
ADDED from src/main/AndroidManifest.xml:2:1-139:12
	xmlns:android
		ADDED from src/main/AndroidManifest.xml:2:11-69
	package
		ADDED from src/main/AndroidManifest.xml:3:5-36
		INJECTED from src/main/AndroidManifest.xml
		INJECTED from src/main/AndroidManifest.xml
	android:versionName
		ADDED from src/main/AndroidManifest.xml:5:5-32
		INJECTED from src/main/AndroidManifest.xml
		INJECTED from src/main/AndroidManifest.xml
	android:versionCode
		ADDED from src/main/AndroidManifest.xml:4:5-29
		INJECTED from src/main/AndroidManifest.xml
		INJECTED from src/main/AndroidManifest.xml
	android:installLocation
		ADDED from src/main/AndroidManifest.xml:6:5-35
uses-sdk
ADDED from src/main/AndroidManifest.xml:8:5-10:41
MERGED from [com.google.android.gms:play-services-ads:8.4.0] AndroidManifest.xml:23:5-42
MERGED from [com.google.android.gms:play-services-basement:8.4.0] AndroidManifest.xml:18:5-42
MERGED from [com.android.support:support-v4:23.0.0] AndroidManifest.xml:20:5-43
	android:targetSdkVersion
		ADDED from src/main/AndroidManifest.xml:10:9-38
		INJECTED from src/main/AndroidManifest.xml
		INJECTED from src/main/AndroidManifest.xml
	android:minSdkVersion
		ADDED from src/main/AndroidManifest.xml:9:9-34
		INJECTED from src/main/AndroidManifest.xml
		INJECTED from src/main/AndroidManifest.xml
supports-screens
ADDED from src/main/AndroidManifest.xml:13:5-18:39
	android:resizeable
		ADDED from src/main/AndroidManifest.xml:17:9-34
	android:largeScreens
		ADDED from src/main/AndroidManifest.xml:15:9-36
	android:anyDensity
		ADDED from src/main/AndroidManifest.xml:14:9-34
	android:normalScreens
		ADDED from src/main/AndroidManifest.xml:16:9-37
	android:smallScreens
		ADDED from src/main/AndroidManifest.xml:18:9-36
uses-permission#com.google.android.c2dm.permission.RECEIVE
ADDED from src/main/AndroidManifest.xml:20:2-79
	android:name
		ADDED from src/main/AndroidManifest.xml:20:19-76
permission#it.newsclub.CallBlock.permission.C2D_MESSAGE
ADDED from src/main/AndroidManifest.xml:21:5-23:47
	android:protectionLevel
		ADDED from src/main/AndroidManifest.xml:23:9-44
	android:name
		ADDED from src/main/AndroidManifest.xml:22:9-68
uses-permission#it.newsclub.CallBlock.permission.C2D_MESSAGE
ADDED from src/main/AndroidManifest.xml:25:5-84
	android:name
		ADDED from src/main/AndroidManifest.xml:25:22-81
uses-permission#android.permission.INTERNET
ADDED from src/main/AndroidManifest.xml:28:5-66
MERGED from [com.google.android.gms:play-services-ads:8.4.0] AndroidManifest.xml:20:5-66
	android:name
		ADDED from src/main/AndroidManifest.xml:28:22-64
uses-permission#android.permission.READ_PHONE_STATE
ADDED from src/main/AndroidManifest.xml:34:2-72
	android:name
		ADDED from src/main/AndroidManifest.xml:34:19-69
uses-permission#android.permission.MODIFY_PHONE_STATE
ADDED from src/main/AndroidManifest.xml:35:2-90
	android:name
		ADDED from src/main/AndroidManifest.xml:35:19-71
uses-permission#android.permission.CALL_PHONE
ADDED from src/main/AndroidManifest.xml:36:2-82
	android:name
		ADDED from src/main/AndroidManifest.xml:36:19-63
uses-permission#android.permission.READ_CALL_LOG
ADDED from src/main/AndroidManifest.xml:37:2-85
	android:name
		ADDED from src/main/AndroidManifest.xml:37:19-66
uses-permission#android.permission.READ_CONTACTS
ADDED from src/main/AndroidManifest.xml:38:2-85
	android:name
		ADDED from src/main/AndroidManifest.xml:38:19-66
uses-feature#android.hardware.telephony
ADDED from src/main/AndroidManifest.xml:39:2-60
	android:name
		ADDED from src/main/AndroidManifest.xml:39:16-57
application
ADDED from src/main/AndroidManifest.xml:47:5-137:19
MERGED from [com.google.android.gms:play-services-ads:8.4.0] AndroidManifest.xml:24:5-32:19
MERGED from [com.google.android.gms:play-services-basement:8.4.0] AndroidManifest.xml:20:5-24:19
MERGED from [com.android.support:support-v4:23.0.0] AndroidManifest.xml:22:5-20
	android:label
		ADDED from src/main/AndroidManifest.xml:51:9-41
	android:allowBackup
		ADDED from src/main/AndroidManifest.xml:49:9-35
	android:icon
		ADDED from src/main/AndroidManifest.xml:50:9-45
	android:theme
		ADDED from src/main/AndroidManifest.xml:54:9-62
	android:hardwareAccelerated
		ADDED from src/main/AndroidManifest.xml:55:9-44
	android:name
		ADDED from src/main/AndroidManifest.xml:48:9-54
meta-data#com.google.android.gms.version
ADDED from src/main/AndroidManifest.xml:60:3-62:123
MERGED from [com.google.android.gms:play-services-basement:8.4.0] AndroidManifest.xml:21:9-23:69
	android:configChanges
		ADDED from src/main/AndroidManifest.xml:62:12-121
	android:name
		ADDED from src/main/AndroidManifest.xml:60:14-59
	android:value
		ADDED from src/main/AndroidManifest.xml:61:12-65
activity#com.google.android.gms.ads.AdActivity
ADDED from src/main/AndroidManifest.xml:65:3-68:16
MERGED from [com.google.android.gms:play-services-ads:8.4.0] AndroidManifest.xml:26:9-29:64
	android:configChanges
		ADDED from src/main/AndroidManifest.xml:66:14-123
	android:theme
		ADDED from src/main/AndroidManifest.xml:67:14-62
	android:name
		ADDED from src/main/AndroidManifest.xml:65:13-65
activity#it.newsclub.CallBlock.MainActivity
ADDED from src/main/AndroidManifest.xml:70:9-83:20
	android:screenOrientation
		ADDED from src/main/AndroidManifest.xml:76:12-48
	android:label
		ADDED from src/main/AndroidManifest.xml:73:13-45
	android:configChanges
		ADDED from src/main/AndroidManifest.xml:72:13-74
	android:theme
		ADDED from src/main/AndroidManifest.xml:77:13-66
	android:clearTaskOnLaunch
		ADDED from src/main/AndroidManifest.xml:74:13-45
	android:name
		ADDED from src/main/AndroidManifest.xml:71:13-62
	android:launchMode
		ADDED from src/main/AndroidManifest.xml:75:12-42
intent-filter#android.intent.action.MAIN+android.intent.category.LAUNCHER
ADDED from src/main/AndroidManifest.xml:79:13-82:29
action#android.intent.action.MAIN
ADDED from src/main/AndroidManifest.xml:80:17-69
	android:name
		ADDED from src/main/AndroidManifest.xml:80:25-66
category#android.intent.category.LAUNCHER
ADDED from src/main/AndroidManifest.xml:81:17-77
	android:name
		ADDED from src/main/AndroidManifest.xml:81:27-74
activity#it.newsclub.CallBlock.BrowserActivity
ADDED from src/main/AndroidManifest.xml:86:9-90:20
	android:label
		ADDED from src/main/AndroidManifest.xml:88:13-59
	android:theme
		ADDED from src/main/AndroidManifest.xml:89:13-66
	android:name
		ADDED from src/main/AndroidManifest.xml:87:13-65
activity#com.startapp.android.publish.list3d.List3DActivity
ADDED from src/main/AndroidManifest.xml:94:6-95:50
	android:theme
		ADDED from src/main/AndroidManifest.xml:95:11-47
	android:name
		ADDED from src/main/AndroidManifest.xml:94:16-81
receiver#it.newsclub.CallBlock.MyCallReceiver
ADDED from src/main/AndroidManifest.xml:99:6-103:20
	android:name
		ADDED from src/main/AndroidManifest.xml:99:16-67
intent-filter#android.intent.action.PHONE_STATE
ADDED from src/main/AndroidManifest.xml:100:13-102:29
action#android.intent.action.PHONE_STATE
ADDED from src/main/AndroidManifest.xml:101:17-76
	android:name
		ADDED from src/main/AndroidManifest.xml:101:25-73
receiver#it.newsclub.CallBlock.GcmBroadcastReceiver
ADDED from src/main/AndroidManifest.xml:105:3-115:20
	android:permission
		ADDED from src/main/AndroidManifest.xml:107:13-73
	android:name
		ADDED from src/main/AndroidManifest.xml:106:13-70
intent-filter#com.google.android.c2dm.intent.RECEIVE+it.newsclub.Biancocelesti
ADDED from src/main/AndroidManifest.xml:108:13-114:29
action#com.google.android.c2dm.intent.RECEIVE
ADDED from src/main/AndroidManifest.xml:111:17-81
	android:name
		ADDED from src/main/AndroidManifest.xml:111:25-78
category#it.newsclub.Biancocelesti
ADDED from src/main/AndroidManifest.xml:113:17-70
	android:name
		ADDED from src/main/AndroidManifest.xml:113:27-67
service#it.newsclub.CallBlock.GcmIntentService
ADDED from src/main/AndroidManifest.xml:117:9-74
	android:name
		ADDED from src/main/AndroidManifest.xml:117:18-71
activity#it.newsclub.CallBlock.ReceiveActivity
ADDED from src/main/AndroidManifest.xml:122:3-125:20
	android:label
		ADDED from src/main/AndroidManifest.xml:124:13-59
	android:name
		ADDED from src/main/AndroidManifest.xml:123:13-65
meta-data#com.google.android.gms.analytics.globalConfigResource
ADDED from src/main/AndroidManifest.xml:131:3-132:44
	android:resource
		ADDED from src/main/AndroidManifest.xml:132:4-42
	android:name
		ADDED from src/main/AndroidManifest.xml:131:14-82
uses-permission#android.permission.ACCESS_NETWORK_STATE
ADDED from [com.google.android.gms:play-services-ads:8.4.0] AndroidManifest.xml:21:5-78
	android:name
		ADDED from [com.google.android.gms:play-services-ads:8.4.0] AndroidManifest.xml:21:22-76
activity#com.google.android.gms.ads.purchase.InAppPurchaseActivity
ADDED from [com.google.android.gms:play-services-ads:8.4.0] AndroidManifest.xml:30:9-31:52
	android:theme
		ADDED from [com.google.android.gms:play-services-ads:8.4.0] AndroidManifest.xml:31:13-50
	android:name
		ADDED from [com.google.android.gms:play-services-ads:8.4.0] AndroidManifest.xml:30:19-91